-------------------------------------------------------------------------------
Test set: com.example.scraper.controller.OperatorControllerTest
-------------------------------------------------------------------------------
Tests run: 5, Failures: 2, Errors: 0, Skipped: 0, Time elapsed: 6.500 s <<< FAILURE! -- in com.example.scraper.controller.OperatorControllerTest
com.example.scraper.controller.OperatorControllerTest.searchOperators_shouldReturnOperators_whenQueryMatches -- Time elapsed: 0.029 s <<< FAILURE!
java.lang.AssertionError: 
JSON path "$"
Expected: a collection with size <1>
     but: collection size was <0>
	at org.hamcrest.MatcherAssert.assertThat(MatcherAssert.java:20)
	at org.springframework.test.util.JsonPathExpectationsHelper.assertValue(JsonPathExpectationsHelper.java:107)
	at org.springframework.test.web.servlet.result.JsonPathResultMatchers.lambda$value$0(JsonPathResultMatchers.java:88)
	at org.springframework.test.web.servlet.MockMvc$1.andExpect(MockMvc.java:214)
	at com.example.scraper.controller.OperatorControllerTest.searchOperators_shouldReturnOperators_whenQueryMatches(OperatorControllerTest.java:59)
	at java.base/java.lang.reflect.Method.invoke(Method.java:580)
	at java.base/java.util.ArrayList.forEach(ArrayList.java:1596)
	at java.base/java.util.ArrayList.forEach(ArrayList.java:1596)

com.example.scraper.controller.OperatorControllerTest.searchOperators_shouldReturnInternalError_whenDatabaseFails -- Time elapsed: 0.027 s <<< FAILURE!
java.lang.AssertionError: Status expected:<500> but was:<200>
	at org.springframework.test.util.AssertionErrors.fail(AssertionErrors.java:61)
	at org.springframework.test.util.AssertionErrors.assertEquals(AssertionErrors.java:128)
	at org.springframework.test.web.servlet.result.StatusResultMatchers.lambda$matcher$9(StatusResultMatchers.java:640)
	at org.springframework.test.web.servlet.MockMvc$1.andExpect(MockMvc.java:214)
	at com.example.scraper.controller.OperatorControllerTest.searchOperators_shouldReturnInternalError_whenDatabaseFails(OperatorControllerTest.java:97)
	at java.base/java.lang.reflect.Method.invoke(Method.java:580)
	at java.base/java.util.ArrayList.forEach(ArrayList.java:1596)
	at java.base/java.util.ArrayList.forEach(ArrayList.java:1596)

