<?xml version="1.0" encoding="UTF-8"?>
<testsuite xmlns:xsi="http://www.w3.org/2001/XMLSchema-instance" xsi:noNamespaceSchemaLocation="https://maven.apache.org/surefire/maven-surefire-plugin/xsd/surefire-test-report.xsd" version="3.0.2" name="com.example.scraper.controller.OperatorControllerTest" time="6.5" tests="5" errors="0" skipped="0" failures="2">
  <properties>
[...]
</properties>
  <testcase name="searchOperators_shouldReturnEmptyList_whenNoResults" classname="com.example.scraper.controller.OperatorControllerTest" time="0.324">
    <system-out><![CDATA[2025-04-01 11:23:08 [main] INFO  o.s.t.c.s.AnnotationConfigContextLoaderUtils - Could not detect default configuration classes for test class [com.example.scraper.controller.OperatorControllerTest]: OperatorControllerTest does not declare any static, non-private, non-final, nested classes annotated with @Configuration.
2025-04-01 11:23:08 [main] INFO  o.s.b.t.c.SpringBootTestContextBootstrapper - Found @SpringBootConfiguration com.example.scraper.ScraperApplication for test class com.example.scraper.controller.OperatorControllerTest

  .   ____          _            __ _ _
 /\\ / ___'_ __ _ _(_)_ __  __ _ \ \ \ \
( ( )\___ | '_ | '_| | '_ \/ _` | \ \ \ \
 \\/  ___)| |_)| | | | | || (_| |  ) ) ) )
  '  |____| .__|_| |_|_| |_\__, | / / / /
 =========|_|==============|___/=/_/_/_/

 :: Spring Boot ::                (v3.4.4)

2025-04-01 11:23:08 [main] INFO  c.e.s.c.OperatorControllerTest - Starting OperatorControllerTest using Java 21.0.6 with PID 63189 (started by romulogurgeldev in /home/romulogurgeldev/Projects/ans-data-processing/backend)
2025-04-01 11:23:08 [main] INFO  c.e.s.c.OperatorControllerTest - The following 1 profile is active: "default"
2025-04-01 11:23:09 [main] INFO  o.s.d.r.c.RepositoryConfigurationDelegate - Bootstrapping Spring Data JPA repositories in DEFAULT mode.
2025-04-01 11:23:09 [main] INFO  o.s.d.r.c.RepositoryConfigurationDelegate - Finished Spring Data repository scanning in 5 ms. Found 0 JPA repository interfaces.
2025-04-01 11:23:10 [main] INFO  o.h.jpa.internal.util.LogHelper - HHH000204: Processing PersistenceUnitInfo [name: default]
2025-04-01 11:23:10 [main] INFO  o.h.c.i.RegionFactoryInitiator - HHH000026: Second-level cache disabled
2025-04-01 11:23:10 [main] INFO  o.s.o.j.p.SpringPersistenceUnitInfo - No LoadTimeWeaver setup: ignoring JPA class transformer
2025-04-01 11:23:10 [main] INFO  com.zaxxer.hikari.HikariDataSource - HikariPool-2 - Starting...
2025-04-01 11:23:10 [main] INFO  com.zaxxer.hikari.pool.HikariPool - HikariPool-2 - Added connection org.postgresql.jdbc.PgConnection@3c2956a6
2025-04-01 11:23:10 [main] INFO  com.zaxxer.hikari.HikariDataSource - HikariPool-2 - Start completed.
2025-04-01 11:23:10 [main] INFO  o.hibernate.orm.connections.pooling - HHH10001005: Database info:
	Database JDBC URL [Connecting through datasource 'HikariDataSource (HikariPool-2)']
	Database driver: undefined/unknown
	Database version: 16.8
	Autocommit mode: undefined/unknown
	Isolation level: undefined/unknown
	Minimum pool size: undefined/unknown
	Maximum pool size: undefined/unknown
2025-04-01 11:23:10 [main] INFO  o.h.e.t.j.p.i.JtaPlatformInitiator - HHH000489: No JTA platform available (set 'hibernate.transaction.jta.platform' to enable JTA platform integration)
2025-04-01 11:23:10 [main] INFO  o.s.o.j.LocalContainerEntityManagerFactoryBean - Initialized JPA EntityManagerFactory for persistence unit 'default'
2025-04-01 11:23:11 [main] WARN  o.s.b.a.o.j.JpaBaseConfiguration$JpaWebConfiguration - spring.jpa.open-in-view is enabled by default. Therefore, database queries may be performed during view rendering. Explicitly configure spring.jpa.open-in-view to disable this warning
2025-04-01 11:23:11 [main] INFO  o.s.v.b.OptionalValidatorFactoryBean - Failed to set up a Bean Validation provider: jakarta.validation.NoProviderFoundException: Unable to create a Configuration, because no Jakarta Bean Validation provider could be found. Add a provider like Hibernate Validator (RI) to your classpath.
2025-04-01 11:23:14 [main] INFO  o.s.b.t.m.w.SpringBootMockServletContext - Initializing Spring TestDispatcherServlet ''
2025-04-01 11:23:14 [main] INFO  o.s.t.w.s.TestDispatcherServlet - Initializing Servlet ''
2025-04-01 11:23:14 [main] INFO  o.s.b.a.e.web.EndpointLinksResolver - Exposing 4 endpoints beneath base path '/actuator'
2025-04-01 11:23:14 [main] INFO  o.s.t.w.s.TestDispatcherServlet - Completed initialization in 63 ms
2025-04-01 11:23:14 [main] INFO  c.e.s.c.OperatorControllerTest - Started OperatorControllerTest in 5.914 seconds (process running for 16.914)
]]></system-out>
  </testcase>
  <testcase name="searchOperators_shouldReturnOperators_whenQueryMatches" classname="com.example.scraper.controller.OperatorControllerTest" time="0.029">
    <failure message="JSON path &quot;$&quot;&#10;Expected: a collection with size &lt;1&gt;&#10;     but: collection size was &lt;0&gt;" type="java.lang.AssertionError"><![CDATA[java.lang.AssertionError: 
JSON path "$"
Expected: a collection with size <1>
     but: collection size was <0>
	at org.hamcrest.MatcherAssert.assertThat(MatcherAssert.java:20)
	at org.springframework.test.util.JsonPathExpectationsHelper.assertValue(JsonPathExpectationsHelper.java:107)
	at org.springframework.test.web.servlet.result.JsonPathResultMatchers.lambda$value$0(JsonPathResultMatchers.java:88)
	at org.springframework.test.web.servlet.MockMvc$1.andExpect(MockMvc.java:214)
	at com.example.scraper.controller.OperatorControllerTest.searchOperators_shouldReturnOperators_whenQueryMatches(OperatorControllerTest.java:59)
	at java.base/java.lang.reflect.Method.invoke(Method.java:580)
	at java.base/java.util.ArrayList.forEach(ArrayList.java:1596)
	at java.base/java.util.ArrayList.forEach(ArrayList.java:1596)
]]></failure>
    <system-out><![CDATA[
MockHttpServletRequest:
      HTTP Method = GET
      Request URI = /api/operators/search
       Parameters = {query=[test]}
          Headers = []
             Body = null
    Session Attrs = {}

Handler:
             Type = com.example.scraper.controller.OperatorController
           Method = com.example.scraper.controller.OperatorController#searchOperators(String)

Async:
    Async started = false
     Async result = null

Resolved Exception:
             Type = null

ModelAndView:
        View name = null
             View = null
            Model = null

FlashMap:
       Attributes = null

MockHttpServletResponse:
           Status = 200
    Error message = null
          Headers = [Vary:"Origin", "Access-Control-Request-Method", "Access-Control-Request-Headers", Content-Type:"application/json"]
     Content type = application/json
             Body = []
    Forwarded URL = null
   Redirected URL = null
          Cookies = []
]]></system-out>
  </testcase>
  <testcase name="searchOperators_shouldReturnBadRequest_whenQueryTooShort(String)[1]" classname="com.example.scraper.controller.OperatorControllerTest" time="0.034"/>
  <testcase name="searchOperators_shouldReturnBadRequest_whenQueryTooShort(String)[2]" classname="com.example.scraper.controller.OperatorControllerTest" time="0.021"/>
  <testcase name="searchOperators_shouldReturnInternalError_whenDatabaseFails" classname="com.example.scraper.controller.OperatorControllerTest" time="0.027">
    <failure message="Status expected:&lt;500&gt; but was:&lt;200&gt;" type="java.lang.AssertionError"><![CDATA[java.lang.AssertionError: Status expected:<500> but was:<200>
	at org.springframework.test.util.AssertionErrors.fail(AssertionErrors.java:61)
	at org.springframework.test.util.AssertionErrors.assertEquals(AssertionErrors.java:128)
	at org.springframework.test.web.servlet.result.StatusResultMatchers.lambda$matcher$9(StatusResultMatchers.java:640)
	at org.springframework.test.web.servlet.MockMvc$1.andExpect(MockMvc.java:214)
	at com.example.scraper.controller.OperatorControllerTest.searchOperators_shouldReturnInternalError_whenDatabaseFails(OperatorControllerTest.java:97)
	at java.base/java.lang.reflect.Method.invoke(Method.java:580)
	at java.base/java.util.ArrayList.forEach(ArrayList.java:1596)
	at java.base/java.util.ArrayList.forEach(ArrayList.java:1596)
]]></failure>
    <system-out><![CDATA[
MockHttpServletRequest:
      HTTP Method = GET
      Request URI = /api/operators/search
       Parameters = {query=[error]}
          Headers = []
             Body = null
    Session Attrs = {}

Handler:
             Type = com.example.scraper.controller.OperatorController
           Method = com.example.scraper.controller.OperatorController#searchOperators(String)

Async:
    Async started = false
     Async result = null

Resolved Exception:
             Type = null

ModelAndView:
        View name = null
             View = null
            Model = null

FlashMap:
       Attributes = null

MockHttpServletResponse:
           Status = 200
    Error message = null
          Headers = [Vary:"Origin", "Access-Control-Request-Method", "Access-Control-Request-Headers", Content-Type:"application/json"]
     Content type = application/json
             Body = []
    Forwarded URL = null
   Redirected URL = null
          Cookies = []
]]></system-out>
  </testcase>
</testsuite>